<?xml version="1.0" encoding="UTF-8"?>
<coverage generated="1701725018740" clover="3.2.0">
  <project timestamp="1701725018740" name="All files">
    <metrics statements="19" coveredstatements="18" conditionals="8" coveredconditionals="8" methods="7" coveredmethods="6" elements="34" coveredelements="32" complexity="0" loc="19" ncloc="19" packages="1" files="1" classes="1"/>
    <file name="funcoes.js" path="/workspaces/atividade-qualidade-teste-de-software-pucrs/funcoes.js">
      <metrics statements="19" coveredstatements="18" conditionals="8" coveredconditionals="8" methods="7" coveredmethods="6"/>
      <line num="1" count="1" type="stmt"/>
      <line num="4" count="4" type="stmt"/>
      <line num="8" count="3" type="stmt"/>
      <line num="12" count="10" type="stmt"/>
      <line num="16" count="14" type="cond" truecount="4" falsecount="0"/>
      <line num="17" count="3" type="stmt"/>
      <line num="19" count="11" type="stmt"/>
      <line num="24" count="11" type="cond" truecount="2" falsecount="0"/>
      <line num="25" count="1" type="stmt"/>
      <line num="26" count="10" type="cond" truecount="2" falsecount="0"/>
      <line num="27" count="4" type="stmt"/>
      <line num="30" count="6" type="stmt"/>
      <line num="34" count="0" type="stmt"/>
      <line num="38" count="2" type="stmt"/>
      <line num="39" count="2" type="stmt"/>
      <line num="42" count="1" type="stmt"/>
      <line num="44" count="1" type="stmt"/>
      <line num="45" count="1" type="stmt"/>
      <line num="49" count="1" type="stmt"/>
    </file>
  </project>
</coverage>
