{"/workspaces/atividade-qualidade-teste-de-software-pucrs/funcoes.js": {"path":"/workspaces/atividade-qualidade-teste-de-software-pucrs/funcoes.js","statementMap":{"0":{"start":{"line":1,"column":14},"end":{"line":1,"column":30}},"1":{"start":{"line":4,"column":2},"end":{"line":4,"column":15}},"2":{"start":{"line":8,"column":2},"end":{"line":8,"column":15}},"3":{"start":{"line":12,"column":2},"end":{"line":12,"column":14}},"4":{"start":{"line":16,"column":2},"end":{"line":20,"column":3}},"5":{"start":{"line":17,"column":4},"end":{"line":17,"column":16}},"6":{"start":{"line":19,"column":4},"end":{"line":19,"column":17}},"7":{"start":{"line":24,"column":2},"end":{"line":28,"column":3}},"8":{"start":{"line":25,"column":4},"end":{"line":25,"column":16}},"9":{"start":{"line":26,"column":9},"end":{"line":28,"column":3}},"10":{"start":{"line":27,"column":4},"end":{"line":27,"column":21}},"11":{"start":{"line":30,"column":2},"end":{"line":30,"column":42}},"12":{"start":{"line":34,"column":2},"end":{"line":34,"column":19}},"13":{"start":{"line":38,"column":2},"end":{"line":46,"column":3}},"14":{"start":{"line":39,"column":21},"end":{"line":41,"column":5}},"15":{"start":{"line":42,"column":4},"end":{"line":42,"column":25}},"16":{"start":{"line":44,"column":4},"end":{"line":44,"column":59}},"17":{"start":{"line":45,"column":4},"end":{"line":45,"column":14}},"18":{"start":{"line":49,"column":0},"end":{"line":57,"column":2}}},"fnMap":{"0":{"name":"somar","decl":{"start":{"line":3,"column":9},"end":{"line":3,"column":14}},"loc":{"start":{"line":3,"column":21},"end":{"line":5,"column":1}},"line":3},"1":{"name":"subtrair","decl":{"start":{"line":7,"column":9},"end":{"line":7,"column":17}},"loc":{"start":{"line":7,"column":24},"end":{"line":9,"column":1}},"line":7},"2":{"name":"sempreNulo","decl":{"start":{"line":11,"column":9},"end":{"line":11,"column":19}},"loc":{"start":{"line":11,"column":22},"end":{"line":13,"column":1}},"line":11},"3":{"name":"codigoValido","decl":{"start":{"line":15,"column":9},"end":{"line":15,"column":21}},"loc":{"start":{"line":15,"column":30},"end":{"line":21,"column":1}},"line":15},"4":{"name":"inverterString","decl":{"start":{"line":23,"column":9},"end":{"line":23,"column":23}},"loc":{"start":{"line":23,"column":29},"end":{"line":31,"column":1}},"line":23},"5":{"name":"funcaoNaoTestada","decl":{"start":{"line":33,"column":9},"end":{"line":33,"column":25}},"loc":{"start":{"line":33,"column":33},"end":{"line":35,"column":1}},"line":33},"6":{"name":"getUsersFromApi","decl":{"start":{"line":37,"column":15},"end":{"line":37,"column":30}},"loc":{"start":{"line":37,"column":33},"end":{"line":47,"column":1}},"line":37}},"branchMap":{"0":{"loc":{"start":{"line":16,"column":2},"end":{"line":20,"column":3}},"type":"if","locations":[{"start":{"line":16,"column":2},"end":{"line":20,"column":3}},{"start":{"line":18,"column":9},"end":{"line":20,"column":3}}],"line":16},"1":{"loc":{"start":{"line":16,"column":6},"end":{"line":16,"column":36}},"type":"binary-expr","locations":[{"start":{"line":16,"column":6},"end":{"line":16,"column":19}},{"start":{"line":16,"column":23},"end":{"line":16,"column":36}}],"line":16},"2":{"loc":{"start":{"line":24,"column":2},"end":{"line":28,"column":3}},"type":"if","locations":[{"start":{"line":24,"column":2},"end":{"line":28,"column":3}},{"start":{"line":26,"column":9},"end":{"line":28,"column":3}}],"line":24},"3":{"loc":{"start":{"line":26,"column":9},"end":{"line":28,"column":3}},"type":"if","locations":[{"start":{"line":26,"column":9},"end":{"line":28,"column":3}},{"start":{},"end":{}}],"line":26}},"s":{"0":1,"1":4,"2":3,"3":10,"4":14,"5":3,"6":11,"7":11,"8":1,"9":10,"10":4,"11":6,"12":0,"13":2,"14":2,"15":1,"16":1,"17":1,"18":1},"f":{"0":4,"1":3,"2":10,"3":14,"4":11,"5":0,"6":2},"b":{"0":[3,11],"1":[14,6],"2":[1,10],"3":[4,6]},"_coverageSchema":"1a1c01bbd47fc00a2c39e90264f33305004495a9","hash":"41c96b4bcf87410e79064128fc47d9cd0d53dea5"}
}
