TN:
SF:funcoes.js
FN:3,somar
FN:7,subtrair
FN:11,sempreNulo
FN:15,codigoValido
FN:23,inverterString
FN:33,funcaoNaoTestada
FN:37,getUsersFromApi
FNF:7
FNH:6
FNDA:4,somar
FNDA:3,subtrair
FNDA:10,sempreNulo
FNDA:14,codigoValido
FNDA:11,inverterString
FNDA:0,funcaoNaoTestada
FNDA:2,getUsersFromApi
DA:1,1
DA:4,4
DA:8,3
DA:12,10
DA:16,14
DA:17,3
DA:19,11
DA:24,11
DA:25,1
DA:26,10
DA:27,4
DA:30,6
DA:34,0
DA:38,2
DA:39,2
DA:42,1
DA:44,1
DA:45,1
DA:49,1
LF:19
LH:18
BRDA:16,0,0,3
BRDA:16,0,1,11
BRDA:16,1,0,14
BRDA:16,1,1,6
BRDA:24,2,0,1
BRDA:24,2,1,10
BRDA:26,3,0,4
BRDA:26,3,1,6
BRF:8
BRH:8
end_of_record
